0 info it worked if it ends with ok
1 verbose cli [ 'node', '/usr/local/bin/npm', 'update', '-g', 'nodemon' ]
2 info using npm@1.4.28
3 info using node@v0.10.35
4 verbose request where is /nodemon
5 verbose request registry http://registry.npmjs.org/
6 verbose request id 53a1c58d2dcce819
7 verbose url raw /nodemon
8 verbose url resolving [ 'http://registry.npmjs.org/', './nodemon' ]
9 verbose url resolved http://registry.npmjs.org/nodemon
10 verbose request where is http://registry.npmjs.org/nodemon
11 info trying registry request attempt 1 at 18:58:08
12 verbose etag "8X6FA00IQ39RTMKFUANNT9XKB"
13 http GET http://registry.npmjs.org/nodemon
14 http 304 http://registry.npmjs.org/nodemon
15 silly registry.get cb [ 304,
15 silly registry.get   { date: 'Mon, 02 Feb 2015 10:58:08 GMT',
15 silly registry.get     via: '1.1 varnish',
15 silly registry.get     'last-modified': 'Mon, 02 Feb 2015 10:58:08 GMT',
15 silly registry.get     'cache-control': 'max-age=60',
15 silly registry.get     etag: '"8X6FA00IQ39RTMKFUANNT9XKB"',
15 silly registry.get     age: '0',
15 silly registry.get     connection: 'keep-alive',
15 silly registry.get     'x-served-by': 'cache-hk91-HKG',
15 silly registry.get     'x-cache': 'HIT',
15 silly registry.get     'x-cache-hits': '1',
15 silly registry.get     'x-timer': 'S1422874688.415912,VS0,VE185',
15 silly registry.get     vary: 'Accept' } ]
16 verbose etag http://registry.npmjs.org/nodemon from cache
17 info outdated updating [ [ '/usr/local/lib', 'nodemon', '1.3.2', '1.3.6', '1.3.6', 'latest' ] ]
18 error Failed to parse json
18 error Unexpected end of input
19 error File: /usr/local/lib/node_modules/mocha/node_modules/diff/package.json
20 error Failed to parse package.json data.
20 error package.json must be actual JSON, not just JavaScript.
20 error
20 error This is not a bug in npm.
20 error Tell the package author to fix their package.json file. JSON.parse
21 error System Darwin 14.1.0
22 error command "node" "/usr/local/bin/npm" "update" "-g" "nodemon"
23 error cwd /Users/Victor/Workspace/status
24 error node -v v0.10.35
25 error npm -v 1.4.28
26 error file /usr/local/lib/node_modules/mocha/node_modules/diff/package.json
27 error code EJSONPARSE
28 verbose exit [ 1, true ]
